
CodeIgniter v4.7.3 Command Line Tool - Server Time: 2026-06-30 14:45:39 UTC+00:00

CodeIgniter development server started on http://localhost:8081
Press Control-C to stop.
[Tue Jun 30 22:45:39 2026] PHP 8.2.0 Development Server (http://localhost:8081) started
[Tue Jun 30 22:45:42 2026] [::1]:62689 Accepted
[Tue Jun 30 22:45:42 2026] [::1]:62689 Closing
[Tue Jun 30 22:46:01 2026] [::1]:62708 Accepted
[Tue Jun 30 22:46:01 2026] [::1]:62709 Accepted
[Tue Jun 30 22:46:01 2026] [::1]:62708 Closing
[Tue Jun 30 22:46:22 2026] [::1]:62743 Accepted
[Tue Jun 30 22:46:22 2026] [::1]:62743 Closing
[Tue Jun 30 22:47:25 2026] [::1]:62811 Accepted
[Tue Jun 30 22:47:25 2026] [::1]:62811 Closing
[Tue Jun 30 22:47:51 2026] [::1]:62709 Closed without sending a request; it was probably just an unused speculative preconnection
[Tue Jun 30 22:47:51 2026] [::1]:62709 Closing
[Tue Jun 30 22:47:51 2026] [::1]:62834 Accepted
[Tue Jun 30 22:47:51 2026] [::1]:62835 Accepted
[Tue Jun 30 22:47:52 2026] [::1]:62834 Closing
[Tue Jun 30 22:47:54 2026] [::1]:62886 Accepted
[Tue Jun 30 22:47:54 2026] [::1]:62835 Closing
[Tue Jun 30 22:48:15 2026] [::1]:62886 Closing
[Tue Jun 30 22:48:15 2026] [::1]:63026 Accepted
[Tue Jun 30 22:48:15 2026] [::1]:63027 Accepted
[Tue Jun 30 22:48:15 2026] [::1]:63026 Closing
[Tue Jun 30 22:48:15 2026] [::1]:63032 Accepted
[Tue Jun 30 22:48:15 2026] [::1]:63027 [200]: GET /uploads/banner/1f9fa72b22dc07c9.webp
[Tue Jun 30 22:48:15 2026] [::1]:63033 Accepted
[Tue Jun 30 22:48:15 2026] [::1]:63032 Closing
[Tue Jun 30 22:48:15 2026] [::1]:63033 [200]: GET /uploads/company/671e65b5a68029f5.webp
[Tue Jun 30 22:48:15 2026] [::1]:63034 Accepted
[Tue Jun 30 22:48:15 2026] [::1]:63027 Closing
[Tue Jun 30 22:48:15 2026] [::1]:63034 Closing
[Tue Jun 30 22:48:15 2026] [::1]:63033 Closing
[Tue Jun 30 22:48:15 2026] [::1]:63045 Accepted
[Tue Jun 30 22:48:15 2026] [::1]:63046 Accepted
[Tue Jun 30 22:48:15 2026] [::1]:63045 [200]: GET /uploads/banner/625b8f62c25f3cad.webp
[Tue Jun 30 22:48:15 2026] [::1]:63047 Accepted
[Tue Jun 30 22:48:15 2026] [::1]:63046 [200]: GET /uploads/home/a25801da05c3aa7a.webp
[Tue Jun 30 22:48:15 2026] [::1]:63048 Accepted
[Tue Jun 30 22:48:15 2026] [::1]:63047 [200]: GET /uploads/home/20f834e4ed5d825e.webp
[Tue Jun 30 22:48:15 2026] [::1]:63049 Accepted
[Tue Jun 30 22:48:15 2026] [::1]:63048 [200]: GET /uploads/banner/34e9c59d83880170.webp
[Tue Jun 30 22:48:15 2026] [::1]:63050 Accepted
[Tue Jun 30 22:48:15 2026] [::1]:63049 [200]: GET /uploads/home/5023d0eede06c2d2.webp
[Tue Jun 30 22:48:15 2026] [::1]:63051 Accepted
[Tue Jun 30 22:48:15 2026] [::1]:63045 Closing
[Tue Jun 30 22:48:15 2026] [::1]:63050 [200]: GET /uploads/home/8a815854862fb11b.webp
[Tue Jun 30 22:48:15 2026] [::1]:63052 Accepted
[Tue Jun 30 22:48:15 2026] [::1]:63046 Closing
[Tue Jun 30 22:48:16 2026] [::1]:63051 [200]: GET /uploads/homecategory/14f4523f68828774.webp
[Tue Jun 30 22:48:16 2026] [::1]:63053 Accepted
[Tue Jun 30 22:48:16 2026] [::1]:63052 [200]: GET /uploads/homecategory/275ecb3a1eb29056.webp
[Tue Jun 30 22:48:16 2026] [::1]:63048 Closing
[Tue Jun 30 22:48:16 2026] [::1]:63047 Closing
[Tue Jun 30 22:48:16 2026] [::1]:63053 [200]: GET /uploads/homecategory/f656c76de53b88fd.webp
[Tue Jun 30 22:48:16 2026] [::1]:63054 Accepted
[Tue Jun 30 22:48:16 2026] [::1]:63051 Closing
[Tue Jun 30 22:48:16 2026] [::1]:63054 [200]: GET /uploads/homecategory/959feb1fcdaa0095.webp
[Tue Jun 30 22:48:16 2026] [::1]:63049 Closing
[Tue Jun 30 22:48:16 2026] [::1]:63052 Closing
[Tue Jun 30 22:48:16 2026] [::1]:63050 Closing
[Tue Jun 30 22:48:16 2026] [::1]:63053 Closing
[Tue Jun 30 22:48:16 2026] [::1]:63054 Closing
[Tue Jun 30 22:48:16 2026] [::1]:63055 Accepted
[Tue Jun 30 22:48:16 2026] [::1]:63055 Closing
[Tue Jun 30 22:48:16 2026] [::1]:63056 Accepted
[Tue Jun 30 22:48:16 2026] [::1]:63057 Accepted
[Tue Jun 30 22:48:16 2026] [::1]:63056 [200]: GET /uploads/banner/95f3e61003075643.webp
[Tue Jun 30 22:48:16 2026] [::1]:63058 Accepted
[Tue Jun 30 22:48:16 2026] [::1]:63057 [200]: GET /uploads/banner/73b091bc10e4bea6.webp
[Tue Jun 30 22:48:16 2026] [::1]:63058 [200]: GET /uploads/company/671e65b5a68029f5.webp
[Tue Jun 30 22:48:16 2026] [::1]:63057 Closing
[Tue Jun 30 22:48:16 2026] [::1]:63056 Closing
[Tue Jun 30 22:48:16 2026] [::1]:63058 Closing
[Tue Jun 30 22:48:17 2026] [::1]:63059 Accepted
[Tue Jun 30 22:48:17 2026] [::1]:63060 Accepted
[Tue Jun 30 22:48:17 2026] [::1]:63059 [200]: GET /uploads/products/29/118c063174710d2e.webp
[Tue Jun 30 22:48:17 2026] [::1]:63061 Accepted
[Tue Jun 30 22:48:17 2026] [::1]:63060 [200]: GET /uploads/products/26/1954029d54fcffbf.webp
[Tue Jun 30 22:48:17 2026] [::1]:63062 Accepted
[Tue Jun 30 22:48:17 2026] [::1]:63061 [200]: GET /uploads/products/25/def585d56ee91d92.webp
[Tue Jun 30 22:48:17 2026] [::1]:63063 Accepted
[Tue Jun 30 22:48:17 2026] [::1]:63062 [200]: GET /uploads/products/22/de28ddf2a78716a6.webp
[Tue Jun 30 22:48:17 2026] [::1]:63064 Accepted
[Tue Jun 30 22:48:17 2026] [::1]:63059 Closing
[Tue Jun 30 22:48:17 2026] [::1]:63060 Closing
[Tue Jun 30 22:48:17 2026] [::1]:63063 [200]: GET /uploads/products/18/bce5ed1ae0f1d295-medium.webp
[Tue Jun 30 22:48:17 2026] [::1]:63061 Closing
[Tue Jun 30 22:48:17 2026] [::1]:63064 [200]: GET /uploads/products/17/04315c75a36636c8-medium.webp
[Tue Jun 30 22:48:17 2026] [::1]:63062 Closing
[Tue Jun 30 22:48:17 2026] [::1]:63063 Closing
[Tue Jun 30 22:48:17 2026] [::1]:63065 Accepted
[Tue Jun 30 22:48:17 2026] [::1]:63064 Closing
[Tue Jun 30 22:48:17 2026] [::1]:63066 Accepted
[Tue Jun 30 22:48:17 2026] [::1]:63067 Accepted
[Tue Jun 30 22:48:17 2026] [::1]:63065 [200]: GET /uploads/testimonials/be0411d79457d1a0.webp
[Tue Jun 30 22:48:17 2026] [::1]:63066 [200]: GET /uploads/testimonials/863046bae1b96220.webp
[Tue Jun 30 22:48:17 2026] [::1]:63067 [200]: GET /uploads/testimonials/dd1ce8d5357c2b81.webp
[Tue Jun 30 22:48:17 2026] [::1]:63068 Accepted
[Tue Jun 30 22:48:17 2026] [::1]:63069 Accepted
[Tue Jun 30 22:48:17 2026] [::1]:63068 [200]: GET /uploads/testimonials/450f7fb8c5dde7e3.webp
[Tue Jun 30 22:48:17 2026] [::1]:63065 Closing
[Tue Jun 30 22:48:17 2026] [::1]:63066 Closing
[Tue Jun 30 22:48:17 2026] [::1]:63067 Closing
[Tue Jun 30 22:48:17 2026] [::1]:63069 [200]: GET /uploads/testimonials/781330e79406b029.webp
[Tue Jun 30 22:48:17 2026] [::1]:63068 Closing
[Tue Jun 30 22:48:17 2026] [::1]:63069 Closing
[Tue Jun 30 22:48:17 2026] [::1]:63071 Accepted
[Tue Jun 30 22:48:17 2026] [::1]:63072 Accepted
[Tue Jun 30 22:48:17 2026] [::1]:63071 [200]: GET /uploads/home/32f734ab8853b834.webp
[Tue Jun 30 22:48:17 2026] [::1]:63073 Accepted
[Tue Jun 30 22:48:17 2026] [::1]:63072 [200]: GET /uploads/home/f7cf5dd4663dc01c.webp
[Tue Jun 30 22:48:17 2026] [::1]:63074 Accepted
[Tue Jun 30 22:48:17 2026] [::1]:63073 [200]: GET /uploads/home/dbc8615ed7e36b85.webp
[Tue Jun 30 22:48:17 2026] [::1]:63075 Accepted
[Tue Jun 30 22:48:17 2026] [::1]:63071 Closing
[Tue Jun 30 22:48:17 2026] [::1]:63074 [200]: GET /uploads/home/36534f1ba929a0f9.webp
[Tue Jun 30 22:48:17 2026] [::1]:63076 Accepted
[Tue Jun 30 22:48:17 2026] [::1]:63075 [200]: GET /uploads/home/a655a099f78180c0.webp
[Tue Jun 30 22:48:17 2026] [::1]:63072 Closing
[Tue Jun 30 22:48:17 2026] [::1]:63076 [200]: GET /uploads/home/e719e212ca8642c7.webp
[Tue Jun 30 22:48:17 2026] [::1]:63073 Closing
[Tue Jun 30 22:48:17 2026] [::1]:63074 Closing
[Tue Jun 30 22:48:17 2026] [::1]:63075 Closing
[Tue Jun 30 22:48:17 2026] [::1]:63078 Accepted
[Tue Jun 30 22:48:17 2026] [::1]:63079 Accepted
[Tue Jun 30 22:48:17 2026] [::1]:63076 Closing
[Tue Jun 30 22:48:17 2026] [::1]:63080 Accepted
[Tue Jun 30 22:48:17 2026] [::1]:63081 Accepted
[Tue Jun 30 22:48:17 2026] [::1]:63078 [200]: GET /uploads/partner/101dde4f765c3ed8.webp
[Tue Jun 30 22:48:17 2026] [::1]:63080 [200]: GET /uploads/partner/61d492dd732218b5.webp
[Tue Jun 30 22:48:17 2026] [::1]:63079 [200]: GET /uploads/partner/a051e915b944dffc.webp
[Tue Jun 30 22:48:17 2026] [::1]:63082 Accepted
[Tue Jun 30 22:48:17 2026] [::1]:63081 [200]: GET /uploads/partner/74ccd413df0902de.webp
[Tue Jun 30 22:48:17 2026] [::1]:63083 Accepted
[Tue Jun 30 22:48:17 2026] [::1]:63082 [200]: GET /uploads/partner/430f01b032564e67.webp
[Tue Jun 30 22:48:17 2026] [::1]:63084 Accepted
[Tue Jun 30 22:48:17 2026] [::1]:63078 Closing
[Tue Jun 30 22:48:17 2026] [::1]:63080 Closing
[Tue Jun 30 22:48:17 2026] [::1]:63083 [200]: GET /uploads/partner/74ba7548f29107ad.webp
[Tue Jun 30 22:48:17 2026] [::1]:63085 Accepted
[Tue Jun 30 22:48:17 2026] [::1]:63079 Closing
[Tue Jun 30 22:48:17 2026] [::1]:63084 [200]: GET /uploads/partner/73c8fac013aa15d7.webp
[Tue Jun 30 22:48:17 2026] [::1]:63086 Accepted
[Tue Jun 30 22:48:17 2026] [::1]:63085 [200]: GET /uploads/Insight/db1ba3673a083549.webp
[Tue Jun 30 22:48:17 2026] [::1]:63081 Closing
[Tue Jun 30 22:48:17 2026] [::1]:63082 Closing
[Tue Jun 30 22:48:17 2026] [::1]:63087 Accepted
[Tue Jun 30 22:48:17 2026] [::1]:63086 [200]: GET /uploads/insights/b48de6c9657227a6.webp
[Tue Jun 30 22:48:17 2026] [::1]:63083 Closing
[Tue Jun 30 22:48:17 2026] [::1]:63088 Accepted
[Tue Jun 30 22:48:17 2026] [::1]:63087 [200]: GET /uploads/insights/4329515dd162a877.webp
[Tue Jun 30 22:48:17 2026] [::1]:63084 Closing
[Tue Jun 30 22:48:17 2026] [::1]:63089 Accepted
[Tue Jun 30 22:48:17 2026] [::1]:63088 [200]: GET /uploads/insights/dd6ec0150a7296a4.webp
[Tue Jun 30 22:48:17 2026] [::1]:63085 Closing
[Tue Jun 30 22:48:17 2026] [::1]:63089 [200]: GET /uploads/insights/4af6a9ce9f374712.webp
[Tue Jun 30 22:48:17 2026] [::1]:63086 Closing
[Tue Jun 30 22:48:17 2026] [::1]:63087 Closing
[Tue Jun 30 22:48:17 2026] [::1]:63088 Closing
[Tue Jun 30 22:48:17 2026] [::1]:63089 Closing
[Tue Jun 30 22:48:17 2026] [::1]:63090 Accepted
[Tue Jun 30 22:48:17 2026] [::1]:63091 Accepted
[Tue Jun 30 22:48:17 2026] [::1]:63092 Accepted
[Tue Jun 30 22:48:17 2026] [::1]:63090 [200]: GET /uploads/Recipe/1cd30b78478474d8.webp
[Tue Jun 30 22:48:17 2026] [::1]:63093 Accepted
[Tue Jun 30 22:48:17 2026] [::1]:63091 [200]: GET /uploads/recipes/71839ac94f1fbfbd.webp
[Tue Jun 30 22:48:17 2026] [::1]:63092 [200]: GET /uploads/recipes/9706bce940606b1b.webp
[Tue Jun 30 22:48:17 2026] [::1]:63094 Accepted
[Tue Jun 30 22:48:17 2026] [::1]:63093 [200]: GET /uploads/recipes/90731187f62916f2.webp
[Tue Jun 30 22:48:17 2026] [::1]:63090 Closing
[Tue Jun 30 22:48:17 2026] [::1]:63094 [200]: GET /uploads/recipes/f19f5245c0850b80.webp
[Tue Jun 30 22:48:17 2026] [::1]:63091 Closing
[Tue Jun 30 22:48:17 2026] [::1]:63092 Closing
[Tue Jun 30 22:48:17 2026] [::1]:63093 Closing
[Tue Jun 30 22:48:17 2026] [::1]:63094 Closing
[Tue Jun 30 22:49:08 2026] [::1]:63127 Accepted
[Tue Jun 30 22:49:08 2026] [::1]:63128 Accepted
[Tue Jun 30 22:49:09 2026] [::1]:63127 Closing
[Tue Jun 30 22:49:09 2026] [::1]:63128 Closing
[Tue Jun 30 22:49:09 2026] [::1]:63130 Accepted
[Tue Jun 30 22:49:09 2026] [::1]:63131 Accepted
[Tue Jun 30 22:49:09 2026] [::1]:63130 [200]: GET /uploads/company/671e65b5a68029f5.webp
[Tue Jun 30 22:49:09 2026] [::1]:63131 [200]: GET /uploads/banner/1f9fa72b22dc07c9.webp
[Tue Jun 30 22:49:09 2026] [::1]:63131 Closing
[Tue Jun 30 22:49:09 2026] [::1]:63130 Closing
[Tue Jun 30 22:49:09 2026] [::1]:63139 Accepted
[Tue Jun 30 22:49:09 2026] [::1]:63140 Accepted
[Tue Jun 30 22:49:09 2026] [::1]:63139 [200]: GET /uploads/banner/34e9c59d83880170.webp
[Tue Jun 30 22:49:09 2026] [::1]:63141 Accepted
[Tue Jun 30 22:49:09 2026] [::1]:63140 [200]: GET /uploads/banner/625b8f62c25f3cad.webp
[Tue Jun 30 22:49:09 2026] [::1]:63142 Accepted
[Tue Jun 30 22:49:09 2026] [::1]:63141 [200]: GET /uploads/home/a25801da05c3aa7a.webp
[Tue Jun 30 22:49:09 2026] [::1]:63143 Accepted
[Tue Jun 30 22:49:09 2026] [::1]:63142 [200]: GET /uploads/home/20f834e4ed5d825e.webp
[Tue Jun 30 22:49:09 2026] [::1]:63144 Accepted
[Tue Jun 30 22:49:09 2026] [::1]:63139 Closing
[Tue Jun 30 22:49:09 2026] [::1]:63143 [200]: GET /uploads/home/5023d0eede06c2d2.webp
[Tue Jun 30 22:49:09 2026] [::1]:63145 Accepted
[Tue Jun 30 22:49:09 2026] [::1]:63144 [200]: GET /uploads/home/8a815854862fb11b.webp
[Tue Jun 30 22:49:09 2026] [::1]:63146 Accepted
[Tue Jun 30 22:49:09 2026] [::1]:63140 Closing
[Tue Jun 30 22:49:09 2026] [::1]:63145 Closing
[Tue Jun 30 22:49:09 2026] [::1]:63141 Closing
[Tue Jun 30 22:49:09 2026] [::1]:63146 [200]: GET /uploads/homecategory/14f4523f68828774.webp
[Tue Jun 30 22:49:09 2026] [::1]:63147 Accepted
[Tue Jun 30 22:49:09 2026] [::1]:63147 [200]: GET /uploads/homecategory/275ecb3a1eb29056.webp
[Tue Jun 30 22:49:09 2026] [::1]:63142 Closing
[Tue Jun 30 22:49:09 2026] [::1]:63148 Accepted
[Tue Jun 30 22:49:09 2026] [::1]:63143 Closing
[Tue Jun 30 22:49:09 2026] [::1]:63146 Closing
[Tue Jun 30 22:49:09 2026] [::1]:63149 Accepted
[Tue Jun 30 22:49:09 2026] [::1]:63148 [200]: GET /uploads/homecategory/f656c76de53b88fd.webp
[Tue Jun 30 22:49:09 2026] [::1]:63144 Closing
[Tue Jun 30 22:49:09 2026] [::1]:63150 Accepted
[Tue Jun 30 22:49:09 2026] [::1]:63149 [200]: GET /uploads/homecategory/959feb1fcdaa0095.webp
[Tue Jun 30 22:49:09 2026] [::1]:63151 Accepted
[Tue Jun 30 22:49:09 2026] [::1]:63147 Closing
[Tue Jun 30 22:49:09 2026] [::1]:63150 [200]: GET /uploads/banner/95f3e61003075643.webp
[Tue Jun 30 22:49:09 2026] [::1]:63151 [200]: GET /uploads/banner/73b091bc10e4bea6.webp
[Tue Jun 30 22:49:09 2026] [::1]:63149 Closing
[Tue Jun 30 22:49:09 2026] [::1]:63148 Closing
[Tue Jun 30 22:49:09 2026] [::1]:63151 Closing
[Tue Jun 30 22:49:09 2026] [::1]:63150 Closing
[Tue Jun 30 22:49:09 2026] [::1]:63152 Accepted
[Tue Jun 30 22:49:09 2026] [::1]:63152 [200]: GET /uploads/company/671e65b5a68029f5.webp
[Tue Jun 30 22:49:09 2026] [::1]:63152 Closing
[Tue Jun 30 22:49:10 2026] [::1]:63153 Accepted
[Tue Jun 30 22:49:10 2026] [::1]:63153 Closing
[Tue Jun 30 22:49:11 2026] [::1]:63162 Accepted
[Tue Jun 30 22:49:11 2026] [::1]:63163 Accepted
[Tue Jun 30 22:49:11 2026] [::1]:63164 Accepted
[Tue Jun 30 22:49:11 2026] [::1]:63162 [200]: GET /uploads/products/29/118c063174710d2e.webp
[Tue Jun 30 22:49:11 2026] [::1]:63165 Accepted
[Tue Jun 30 22:49:11 2026] [::1]:63163 [200]: GET /uploads/products/26/1954029d54fcffbf.webp
[Tue Jun 30 22:49:11 2026] [::1]:63164 [200]: GET /uploads/products/25/def585d56ee91d92.webp
[Tue Jun 30 22:49:11 2026] [::1]:63166 Accepted
[Tue Jun 30 22:49:11 2026] [::1]:63165 [200]: GET /uploads/products/22/de28ddf2a78716a6.webp
[Tue Jun 30 22:49:11 2026] [::1]:63167 Accepted
[Tue Jun 30 22:49:11 2026] [::1]:63166 [200]: GET /uploads/products/18/bce5ed1ae0f1d295-medium.webp
[Tue Jun 30 22:49:11 2026] [::1]:63162 Closing
[Tue Jun 30 22:49:11 2026] [::1]:63163 Closing
[Tue Jun 30 22:49:11 2026] [::1]:63164 Closing
[Tue Jun 30 22:49:11 2026] [::1]:63167 [200]: GET /uploads/products/17/04315c75a36636c8-medium.webp
[Tue Jun 30 22:49:11 2026] [::1]:63165 Closing
[Tue Jun 30 22:49:11 2026] [::1]:63166 Closing
[Tue Jun 30 22:49:11 2026] [::1]:63167 Closing
[Tue Jun 30 22:49:12 2026] [::1]:63168 Accepted
[Tue Jun 30 22:49:12 2026] [::1]:63169 Accepted
[Tue Jun 30 22:49:12 2026] [::1]:63168 [200]: GET /uploads/testimonials/be0411d79457d1a0.webp
[Tue Jun 30 22:49:12 2026] [::1]:63170 Accepted
[Tue Jun 30 22:49:12 2026] [::1]:63169 [200]: GET /uploads/testimonials/863046bae1b96220.webp
[Tue Jun 30 22:49:12 2026] [::1]:63170 [200]: GET /uploads/testimonials/781330e79406b029.webp
[Tue Jun 30 22:49:12 2026] [::1]:63168 Closing
[Tue Jun 30 22:49:12 2026] [::1]:63169 Closing
[Tue Jun 30 22:49:12 2026] [::1]:63170 Closing
[Tue Jun 30 22:49:12 2026] [::1]:63171 Accepted
[Tue Jun 30 22:49:12 2026] [::1]:63172 Accepted
[Tue Jun 30 22:49:12 2026] [::1]:63171 [200]: GET /uploads/testimonials/dd1ce8d5357c2b81.webp
[Tue Jun 30 22:49:12 2026] [::1]:63172 [200]: GET /uploads/testimonials/450f7fb8c5dde7e3.webp
[Tue Jun 30 22:49:12 2026] [::1]:63171 Closing
[Tue Jun 30 22:49:12 2026] [::1]:63172 Closing
[Tue Jun 30 22:49:14 2026] [::1]:63175 Accepted
[Tue Jun 30 22:49:14 2026] [::1]:63176 Accepted
[Tue Jun 30 22:49:14 2026] [::1]:63175 [200]: GET /uploads/home/a655a099f78180c0.webp
[Tue Jun 30 22:49:14 2026] [::1]:63176 [200]: GET /uploads/home/32f734ab8853b834.webp
[Tue Jun 30 22:49:14 2026] [::1]:63175 Closing
[Tue Jun 30 22:49:14 2026] [::1]:63176 Closing
[Tue Jun 30 22:49:15 2026] [::1]:63177 Accepted
[Tue Jun 30 22:49:15 2026] [::1]:63178 Accepted
[Tue Jun 30 22:49:15 2026] [::1]:63179 Accepted
[Tue Jun 30 22:49:15 2026] [::1]:63177 [200]: GET /uploads/home/f7cf5dd4663dc01c.webp
[Tue Jun 30 22:49:15 2026] [::1]:63180 Accepted
[Tue Jun 30 22:49:15 2026] [::1]:63178 [200]: GET /uploads/home/e719e212ca8642c7.webp
[Tue Jun 30 22:49:15 2026] [::1]:63179 [200]: GET /uploads/home/dbc8615ed7e36b85.webp
[Tue Jun 30 22:49:15 2026] [::1]:63180 [200]: GET /uploads/home/36534f1ba929a0f9.webp
[Tue Jun 30 22:49:15 2026] [::1]:63177 Closing
[Tue Jun 30 22:49:15 2026] [::1]:63179 Closing
[Tue Jun 30 22:49:15 2026] [::1]:63178 Closing
[Tue Jun 30 22:49:15 2026] [::1]:63180 Closing
[Tue Jun 30 22:49:16 2026] [::1]:63181 Accepted
[Tue Jun 30 22:49:16 2026] [::1]:63182 Accepted
[Tue Jun 30 22:49:16 2026] [::1]:63183 Accepted
[Tue Jun 30 22:49:16 2026] [::1]:63181 [200]: GET /uploads/partner/a051e915b944dffc.webp
[Tue Jun 30 22:49:16 2026] [::1]:63184 Accepted
[Tue Jun 30 22:49:16 2026] [::1]:63182 [200]: GET /uploads/partner/61d492dd732218b5.webp
[Tue Jun 30 22:49:16 2026] [::1]:63183 [200]: GET /uploads/partner/430f01b032564e67.webp
[Tue Jun 30 22:49:16 2026] [::1]:63185 Accepted
[Tue Jun 30 22:49:16 2026] [::1]:63184 [200]: GET /uploads/partner/74ba7548f29107ad.webp
[Tue Jun 30 22:49:16 2026] [::1]:63186 Accepted
[Tue Jun 30 22:49:16 2026] [::1]:63185 [200]: GET /uploads/partner/73c8fac013aa15d7.webp
[Tue Jun 30 22:49:16 2026] [::1]:63187 Accepted
[Tue Jun 30 22:49:16 2026] [::1]:63181 Closing
[Tue Jun 30 22:49:16 2026] [::1]:63182 Closing
[Tue Jun 30 22:49:16 2026] [::1]:63183 Closing
[Tue Jun 30 22:49:16 2026] [::1]:63186 [200]: GET /uploads/partner/101dde4f765c3ed8.webp
[Tue Jun 30 22:49:16 2026] [::1]:63184 Closing
[Tue Jun 30 22:49:16 2026] [::1]:63187 [200]: GET /uploads/partner/74ccd413df0902de.webp
[Tue Jun 30 22:49:16 2026] [::1]:63185 Closing
[Tue Jun 30 22:49:16 2026] [::1]:63186 Closing
[Tue Jun 30 22:49:16 2026] [::1]:63187 Closing
[Tue Jun 30 22:49:16 2026] [::1]:63188 Accepted
[Tue Jun 30 22:49:16 2026] [::1]:63189 Accepted
[Tue Jun 30 22:49:16 2026] [::1]:63190 Accepted
[Tue Jun 30 22:49:16 2026] [::1]:63188 [200]: GET /uploads/Insight/db1ba3673a083549.webp
[Tue Jun 30 22:49:16 2026] [::1]:63191 Accepted
[Tue Jun 30 22:49:16 2026] [::1]:63189 [200]: GET /uploads/insights/b48de6c9657227a6.webp
[Tue Jun 30 22:49:16 2026] [::1]:63190 [200]: GET /uploads/insights/4329515dd162a877.webp
[Tue Jun 30 22:49:16 2026] [::1]:63192 Accepted
[Tue Jun 30 22:49:16 2026] [::1]:63191 [200]: GET /uploads/insights/dd6ec0150a7296a4.webp
[Tue Jun 30 22:49:16 2026] [::1]:63188 Closing
[Tue Jun 30 22:49:16 2026] [::1]:63192 [200]: GET /uploads/insights/4af6a9ce9f374712.webp
[Tue Jun 30 22:49:16 2026] [::1]:63189 Closing
[Tue Jun 30 22:49:16 2026] [::1]:63190 Closing
[Tue Jun 30 22:49:16 2026] [::1]:63191 Closing
[Tue Jun 30 22:49:16 2026] [::1]:63192 Closing
[Tue Jun 30 22:49:17 2026] [::1]:63193 Accepted
[Tue Jun 30 22:49:17 2026] [::1]:63194 Accepted
[Tue Jun 30 22:49:17 2026] [::1]:63193 [200]: GET /uploads/Recipe/1cd30b78478474d8.webp
[Tue Jun 30 22:49:17 2026] [::1]:63195 Accepted
[Tue Jun 30 22:49:17 2026] [::1]:63194 [200]: GET /uploads/recipes/71839ac94f1fbfbd.webp
[Tue Jun 30 22:49:17 2026] [::1]:63196 Accepted
[Tue Jun 30 22:49:17 2026] [::1]:63195 [200]: GET /uploads/recipes/9706bce940606b1b.webp
[Tue Jun 30 22:49:17 2026] [::1]:63197 Accepted
[Tue Jun 30 22:49:17 2026] [::1]:63193 Closing
[Tue Jun 30 22:49:17 2026] [::1]:63196 [200]: GET /uploads/recipes/90731187f62916f2.webp
[Tue Jun 30 22:49:17 2026] [::1]:63194 Closing
[Tue Jun 30 22:49:17 2026] [::1]:63197 [200]: GET /uploads/recipes/f19f5245c0850b80.webp
[Tue Jun 30 22:49:17 2026] [::1]:63195 Closing
[Tue Jun 30 22:49:17 2026] [::1]:63196 Closing
[Tue Jun 30 22:49:17 2026] [::1]:63197 Closing
[Tue Jun 30 23:44:12 2026] [::1]:49648 Accepted
[Tue Jun 30 23:44:12 2026] [::1]:49649 Accepted
[Tue Jun 30 23:44:13 2026] [::1]:49648 Closing
[Tue Jun 30 23:44:13 2026] [::1]:49649 Closing
[Tue Jun 30 23:44:13 2026] [::1]:49656 Accepted
[Tue Jun 30 23:44:13 2026] [::1]:49657 Accepted
[Tue Jun 30 23:44:13 2026] [::1]:49656 [200]: GET /uploads/company/671e65b5a68029f5.webp
[Tue Jun 30 23:44:13 2026] [::1]:49657 [200]: GET /uploads/banner/1f9fa72b22dc07c9.webp
[Tue Jun 30 23:44:13 2026] [::1]:49657 Closing
[Tue Jun 30 23:44:13 2026] [::1]:49656 Closing
[Tue Jun 30 23:44:13 2026] [::1]:49660 Accepted
[Tue Jun 30 23:44:13 2026] [::1]:49660 Closing
[Tue Jun 30 23:44:13 2026] [::1]:49661 Accepted
[Tue Jun 30 23:44:13 2026] [::1]:49661 [200]: GET /uploads/company/671e65b5a68029f5.webp
[Tue Jun 30 23:44:13 2026] [::1]:49662 Accepted
[Tue Jun 30 23:44:13 2026] [::1]:49661 Closing
[Tue Jun 30 23:44:13 2026] [::1]:49662 Closing
[Wed Jul  1 00:26:55 2026] [::1]:50663 Accepted
[Wed Jul  1 00:26:55 2026] [::1]:50664 Accepted
[Wed Jul  1 00:26:56 2026] [::1]:50663 Closing
[Wed Jul  1 00:26:56 2026] [::1]:50664 Closing
[Wed Jul  1 00:26:56 2026] [::1]:50670 Accepted
[Wed Jul  1 00:26:56 2026] [::1]:50671 Accepted
[Wed Jul  1 00:26:56 2026] [::1]:50670 [200]: GET /uploads/company/671e65b5a68029f5.webp
[Wed Jul  1 00:26:56 2026] [::1]:50671 [200]: GET /uploads/banner/1f9fa72b22dc07c9.webp
[Wed Jul  1 00:26:56 2026] [::1]:50671 Closing
[Wed Jul  1 00:26:56 2026] [::1]:50670 Closing
[Wed Jul  1 00:26:56 2026] [::1]:50674 Accepted
[Wed Jul  1 00:26:56 2026] [::1]:50675 Accepted
[Wed Jul  1 00:26:56 2026] [::1]:50674 Closing
[Wed Jul  1 00:26:56 2026] [::1]:50682 Accepted
[Wed Jul  1 00:26:56 2026] [::1]:50675 Closing
[Wed Jul  1 00:26:56 2026] [::1]:50682 [200]: GET /uploads/company/671e65b5a68029f5.webp
[Wed Jul  1 00:26:56 2026] [::1]:50682 Closing
[Wed Jul  1 09:32:10 2026] [::1]:53712 Accepted
[Wed Jul  1 09:32:10 2026] [::1]:53713 Accepted
[Wed Jul  1 09:32:10 2026] [::1]:53712 Closing
[Wed Jul  1 09:32:10 2026] [::1]:53713 [200]: GET /favicon.ico
[Wed Jul  1 09:32:10 2026] [::1]:53713 Closing
[Mon Jul 13 21:49:53 2026] [::1]:58131 Accepted
[Mon Jul 13 21:49:54 2026] [::1]:58131 Closing
[Mon Jul 13 21:49:54 2026] [::1]:58133 Accepted
[Mon Jul 13 21:49:54 2026] [::1]:58133 Closing
[Mon Jul 13 21:49:54 2026] [::1]:58137 Accepted
[Mon Jul 13 21:49:54 2026] [::1]:58137 [200]: GET /uploads/company/671e65b5a68029f5.webp
[Mon Jul 13 21:49:54 2026] [::1]:58137 Closing
[Mon Jul 13 21:49:54 2026] [::1]:58140 Accepted
[Mon Jul 13 21:49:54 2026] [::1]:58140 [200]: GET /uploads/banner/1f9fa72b22dc07c9.webp
[Mon Jul 13 21:49:54 2026] [::1]:58140 Closing
[Mon Jul 13 21:49:55 2026] [::1]:58142 Accepted
[Mon Jul 13 21:49:55 2026] [::1]:58143 Accepted
[Mon Jul 13 21:49:55 2026] [::1]:58142 [200]: GET /uploads/banner/34e9c59d83880170.webp
[Mon Jul 13 21:49:55 2026] [::1]:58144 Accepted
[Mon Jul 13 21:49:55 2026] [::1]:58143 [200]: GET /uploads/banner/625b8f62c25f3cad.webp
[Mon Jul 13 21:49:55 2026] [::1]:58145 Accepted
[Mon Jul 13 21:49:55 2026] [::1]:58144 [200]: GET /uploads/banner/95f3e61003075643.webp
[Mon Jul 13 21:49:55 2026] [::1]:58146 Accepted
[Mon Jul 13 21:49:55 2026] [::1]:58145 [200]: GET /uploads/banner/73b091bc10e4bea6.webp
[Mon Jul 13 21:49:55 2026] [::1]:58142 Closing
[Mon Jul 13 21:49:55 2026] [::1]:58146 [200]: GET /uploads/home/a25801da05c3aa7a.webp
[Mon Jul 13 21:49:55 2026] [::1]:58150 Accepted
[Mon Jul 13 21:49:55 2026] [::1]:58143 Closing
[Mon Jul 13 21:49:55 2026] [::1]:58145 Closing
[Mon Jul 13 21:49:55 2026] [::1]:58151 Accepted
[Mon Jul 13 21:49:55 2026] [::1]:58150 [200]: GET /uploads/home/20f834e4ed5d825e.webp
[Mon Jul 13 21:49:55 2026] [::1]:58144 Closing
[Mon Jul 13 21:49:55 2026] [::1]:58152 Accepted
[Mon Jul 13 21:49:55 2026] [::1]:58151 [200]: GET /uploads/home/5023d0eede06c2d2.webp
[Mon Jul 13 21:49:55 2026] [::1]:58153 Accepted
[Mon Jul 13 21:49:55 2026] [::1]:58152 [200]: GET /uploads/home/8a815854862fb11b.webp
[Mon Jul 13 21:49:55 2026] [::1]:58146 Closing
[Mon Jul 13 21:49:55 2026] [::1]:58153 [200]: GET /uploads/homecategory/14f4523f68828774.webp
[Mon Jul 13 21:49:55 2026] [::1]:58150 Closing
[Mon Jul 13 21:49:55 2026] [::1]:58153 Closing
[Mon Jul 13 21:49:55 2026] [::1]:58151 Closing
[Mon Jul 13 21:49:55 2026] [::1]:58152 Closing
[Mon Jul 13 21:49:55 2026] [::1]:58154 Accepted
[Mon Jul 13 21:49:55 2026] [::1]:58154 Closing
[Mon Jul 13 21:49:55 2026] [::1]:58156 Accepted
[Mon Jul 13 21:49:55 2026] [::1]:58157 Accepted
[Mon Jul 13 21:49:55 2026] [::1]:58156 [200]: GET /uploads/homecategory/275ecb3a1eb29056.webp
[Mon Jul 13 21:49:55 2026] [::1]:58158 Accepted
[Mon Jul 13 21:49:55 2026] [::1]:58157 [200]: GET /uploads/homecategory/f656c76de53b88fd.webp
[Mon Jul 13 21:49:55 2026] [::1]:58159 Accepted
[Mon Jul 13 21:49:55 2026] [::1]:58158 [200]: GET /uploads/homecategory/959feb1fcdaa0095.webp
[Mon Jul 13 21:49:55 2026] [::1]:58160 Accepted
[Mon Jul 13 21:49:55 2026] [::1]:58159 [200]: GET /uploads/products/29/118c063174710d2e.webp
[Mon Jul 13 21:49:55 2026] [::1]:58156 Closing
[Mon Jul 13 21:49:55 2026] [::1]:58160 [200]: GET /uploads/products/26/1954029d54fcffbf.webp
[Mon Jul 13 21:49:55 2026] [::1]:58157 Closing
[Mon Jul 13 21:49:55 2026] [::1]:58158 Closing
[Mon Jul 13 21:49:55 2026] [::1]:58159 Closing
[Mon Jul 13 21:49:55 2026] [::1]:58160 Closing
[Mon Jul 13 21:49:55 2026] [::1]:58168 Accepted
[Mon Jul 13 21:49:55 2026] [::1]:58168 [200]: GET /uploads/products/25/def585d56ee91d92.webp
[Mon Jul 13 21:49:55 2026] [::1]:58169 Accepted
[Mon Jul 13 21:49:55 2026] [::1]:58169 [200]: GET /uploads/products/22/de28ddf2a78716a6.webp
[Mon Jul 13 21:49:55 2026] [::1]:58170 Accepted
[Mon Jul 13 21:49:55 2026] [::1]:58168 Closing
[Mon Jul 13 21:49:55 2026] [::1]:58170 [200]: GET /uploads/products/18/bce5ed1ae0f1d295-medium.webp
[Mon Jul 13 21:49:55 2026] [::1]:58171 Accepted
[Mon Jul 13 21:49:55 2026] [::1]:58169 Closing
[Mon Jul 13 21:49:55 2026] [::1]:58170 Closing
[Mon Jul 13 21:49:55 2026] [::1]:58172 Accepted
[Mon Jul 13 21:49:55 2026] [::1]:58171 [200]: GET /uploads/products/17/04315c75a36636c8-medium.webp
[Mon Jul 13 21:49:55 2026] [::1]:58173 Accepted
[Mon Jul 13 21:49:55 2026] [::1]:58172 [200]: GET /uploads/products/10/c03b01433d81004b-medium.webp
[Mon Jul 13 21:49:55 2026] [::1]:58171 Closing
[Mon Jul 13 21:49:55 2026] [::1]:58173 [200]: GET /uploads/products/9/03fe6ec08e592b42-medium.webp
[Mon Jul 13 21:49:55 2026] [::1]:58174 Accepted
[Mon Jul 13 21:49:55 2026] [::1]:58172 Closing
[Mon Jul 13 21:49:55 2026] [::1]:58175 Accepted
[Mon Jul 13 21:49:55 2026] [::1]:58173 Closing
[Mon Jul 13 21:49:55 2026] [::1]:58176 Accepted
[Mon Jul 13 21:49:55 2026] [::1]:58175 [200]: GET /uploads/testimonials/be0411d79457d1a0.webp
[Mon Jul 13 21:49:55 2026] [::1]:58174 [200]: GET /uploads/products/3/d0c149fbb0937f64-medium.webp
[Mon Jul 13 21:49:55 2026] [::1]:58177 Accepted
[Mon Jul 13 21:49:55 2026] [::1]:58176 [200]: GET /uploads/testimonials/863046bae1b96220.webp
[Mon Jul 13 21:49:55 2026] [::1]:58178 Accepted
[Mon Jul 13 21:49:55 2026] [::1]:58177 [200]: GET /uploads/testimonials/dd1ce8d5357c2b81.webp
[Mon Jul 13 21:49:55 2026] [::1]:58175 Closing
[Mon Jul 13 21:49:55 2026] [::1]:58174 Closing
[Mon Jul 13 21:49:55 2026] [::1]:58178 [200]: GET /uploads/testimonials/781330e79406b029.webp
[Mon Jul 13 21:49:55 2026] [::1]:58179 Accepted
[Mon Jul 13 21:49:55 2026] [::1]:58176 Closing
[Mon Jul 13 21:49:55 2026] [::1]:58179 [200]: GET /uploads/testimonials/450f7fb8c5dde7e3.webp
[Mon Jul 13 21:49:55 2026] [::1]:58177 Closing
[Mon Jul 13 21:49:55 2026] [::1]:58178 Closing
[Mon Jul 13 21:49:55 2026] [::1]:58179 Closing
